<?xml version="1.0" encoding="UTF-8"?>
<!-- Generated by org.testng.reporters.JUnitReportReporter -->
<testsuite skipped="0" hostname="DESKTOP-UHFDCLI" name="TestCases.GetFabHotelList" tests="1" failures="0" timestamp="07 Nov 2017 19:22:09 GMT" time="240.590" errors="0">
  <testcase name="getLocationAndHotels" time="240.590" classname="TestCases.GetFabHotelList"/>
</testsuite> <!-- TestCases.GetFabHotelList -->
