<?xml version="1.0" encoding="UTF-8"?>
<!-- Generated by org.testng.reporters.JUnitReportReporter -->
<testsuite skipped="0" hostname="DESKTOP-UHFDCLI" name="TestCases.ValidatePayAtHotel" tests="1" failures="0" timestamp="08 Nov 2017 11:07:45 GMT" time="79.410" errors="0">
  <testcase name="verifyPayments" time="79.410" classname="TestCases.ValidatePayAtHotel"/>
</testsuite> <!-- TestCases.ValidatePayAtHotel -->
